<?xml version="1.0" encoding="UTF-8"?>
<!-- Generated by org.testng.reporters.JUnitXMLReporter -->
<testsuite ignored="33" hostname="AMX-RL-20-348-W" failures="0" tests="4" name="Regression_Testscripts(failed)(failed)" time="0.854" errors="0" timestamp="2022-07-07T18:43:35 IST">
  <testcase classname="icivics_testcases.I15_EducatorRegistration5_Test" name="C377_verifynotification" time="0.0">
    <skipped/>
  </testcase> <!-- C377_verifynotification -->
  <testcase classname="icivics_testcases.I12_EducatorRegistration2_Test" name="C346_verifyerrormsgboxcolor" time="0.0">
    <skipped/>
  </testcase> <!-- C346_verifyerrormsgboxcolor -->
  <testcase classname="icivics_testcases.I14_EducatorRegistration4_Test" name="C364_verifyallfieldasterisk" time="0.0">
    <skipped/>
  </testcase> <!-- C364_verifyallfieldasterisk -->
  <testcase classname="icivics_testcases.I14_EducatorRegistration4_Test" name="C369_verifyallfieldswithblankdata" time="0.0">
    <skipped/>
  </testcase> <!-- C369_verifyallfieldswithblankdata -->
  <testcase classname="icivics_testcases.I14_EducatorRegistration4_Test" name="C370_verifyallfieldswithblankandinvaliddata" time="0.0">
    <ignored/>
  </testcase> <!-- C370_verifyallfieldswithblankandinvaliddata -->
  <testcase classname="icivics_testcases.I12_EducatorRegistration2_Test" name="C347_verifyvalidsubmission" time="0.0">
    <ignored/>
  </testcase> <!-- C347_verifyvalidsubmission -->
  <testcase classname="icivics_testcases.I14_EducatorRegistration4_Test" name="C361_verifyallpage3fields" time="0.0">
    <ignored/>
  </testcase> <!-- C361_verifyallpage3fields -->
  <testcase classname="icivics_testcases.I14_EducatorRegistration4_Test" name="C362_verifySignUpischecked" time="0.0">
    <ignored/>
  </testcase> <!-- C362_verifySignUpischecked -->
  <testcase classname="icivics_testcases.I14_EducatorRegistration4_Test" name="C371_verifyvalidsubmission" time="0.0">
    <ignored/>
  </testcase> <!-- C371_verifyvalidsubmission -->
  <testcase classname="icivics_testcases.I14_EducatorRegistration4_Test" name="C367_verifypasswordIndicatormatch" time="0.0">
    <ignored/>
  </testcase> <!-- C367_verifypasswordIndicatormatch -->
  <testcase classname="icivics_testcases.I12_EducatorRegistration2_Test" name="C338_verifybreadcrumbspage1" time="0.0">
    <ignored/>
  </testcase> <!-- C338_verifybreadcrumbspage1 -->
  <testcase classname="icivics_testcases.I12_EducatorRegistration2_Test" name="C345_verifyblankerrormsg" time="0.0">
    <ignored/>
  </testcase> <!-- C345_verifyblankerrormsg -->
  <testcase classname="icivics_testcases.I12_EducatorRegistration2_Test" name="C341_verifyRoleandGradeLevel" time="0.0">
    <ignored/>
  </testcase> <!-- C341_verifyRoleandGradeLevel -->
  <testcase classname="icivics_testcases.I14_EducatorRegistration4_Test" name="C360_verifyalldataremembered" time="0.0">
    <ignored/>
  </testcase> <!-- C360_verifyalldataremembered -->
  <testcase classname="icivics_testcases.I14_EducatorRegistration4_Test" name="C365_verifypasswordtooltips" time="0.0">
    <ignored/>
  </testcase> <!-- C365_verifypasswordtooltips -->
  <testcase classname="icivics_testcases.I12_EducatorRegistration2_Test" name="C339_verifypreviouspage" time="0.0">
    <ignored/>
  </testcase> <!-- C339_verifypreviouspage -->
  <testcase classname="icivics_testcases.I14_EducatorRegistration4_Test" name="C363_verifyallpage4fields" time="0.0">
    <ignored/>
  </testcase> <!-- C363_verifyallpage4fields -->
  <testcase classname="icivics_testcases.I14_EducatorRegistration4_Test" name="C358_verifybreadcrumbspage4" time="0.0">
    <ignored/>
  </testcase> <!-- C358_verifybreadcrumbspage4 -->
  <testcase classname="icivics_testcases.I15_EducatorRegistration5_Test" name="C372_verifybreadcrumbspage5" time="0.0">
    <ignored/>
  </testcase> <!-- C372_verifybreadcrumbspage5 -->
  <testcase classname="cucumber.api.testng.AbstractTestNGCucumberTests" name="runScenario" time="0.0">
    <ignored/>
  </testcase> <!-- runScenario -->
  <testcase classname="cucumber.api.testng.AbstractTestNGCucumberTests" name="runScenario" time="0.0">
    <ignored/>
  </testcase> <!-- runScenario -->
  <testcase classname="cucumber.api.testng.AbstractTestNGCucumberTests" name="runScenario" time="0.0">
    <ignored/>
  </testcase> <!-- runScenario -->
  <testcase classname="icivics_testcases.I15_EducatorRegistration5_Test" name="C376_verifyresendbutton" time="0.0">
    <ignored/>
  </testcase> <!-- C376_verifyresendbutton -->
  <testcase classname="icivics_testcases.I14_EducatorRegistration4_Test" name="C368_verifyallfieldswithinvaliddata" time="0.0">
    <ignored/>
  </testcase> <!-- C368_verifyallfieldswithinvaliddata -->
  <testcase classname="icivics_testcases.I12_EducatorRegistration2_Test" name="C342_verifymakeselection" time="0.0">
    <ignored/>
  </testcase> <!-- C342_verifymakeselection -->
  <testcase classname="utilities.Reporter" name="@BeforeSuite startReport" time="0.0">
    <ignored/>
  </testcase> <!-- @BeforeSuite startReport -->
  <testcase classname="utilities.Reporter" name="@BeforeSuite startReport" time="0.0">
    <ignored/>
  </testcase> <!-- @BeforeSuite startReport -->
  <testcase classname="icivics_testcases.I15_EducatorRegistration5_Test" name="C375_verifyconfirmationemail" time="0.0">
    <ignored/>
  </testcase> <!-- C375_verifyconfirmationemail -->
  <testcase classname="icivics_testcases.I15_EducatorRegistration5_Test" name="C374_verifyconfirmationemail" time="0.0">
    <ignored/>
  </testcase> <!-- C374_verifyconfirmationemail -->
  <testcase classname="icivics_testcases.I12_EducatorRegistration2_Test" name="C343_verifyotheradditionalfield" time="0.0">
    <ignored/>
  </testcase> <!-- C343_verifyotheradditionalfield -->
  <testcase classname="icivics_testcases.I14_EducatorRegistration4_Test" name="C366_verifypasswordstrengthIndicator" time="0.0">
    <ignored/>
  </testcase> <!-- C366_verifypasswordstrengthIndicator -->
  <testcase classname="icivics_testcases.I15_EducatorRegistration5_Test" name="C373_verifywelcomemessage" time="0.0">
    <ignored/>
  </testcase> <!-- C373_verifywelcomemessage -->
  <testcase classname="icivics_testcases.I12_EducatorRegistration2_Test" name="C344_verifyasterisk" time="0.0">
    <ignored/>
  </testcase> <!-- C344_verifyasterisk -->
  <testcase classname="icivics_testcases.I14_EducatorRegistration4_Test" name="C359_verifypreviouspage" time="0.0">
    <ignored/>
  </testcase> <!-- C359_verifypreviouspage -->
  <testcase classname="utilities.Reporter" name="@AfterSuite stopReport" time="0.0">
    <ignored/>
  </testcase> <!-- @AfterSuite stopReport -->
  <testcase classname="utilities.Reporter" name="@AfterSuite stopReport" time="0.0">
    <ignored/>
  </testcase> <!-- @AfterSuite stopReport -->
  <testcase classname="icivics_testcases.I12_EducatorRegistration2_Test" name="C340_verifyalldataremembered" time="0.0">
    <ignored/>
  </testcase> <!-- C340_verifyalldataremembered -->
</testsuite> <!-- Regression_Testscripts(failed)(failed) -->
