<?xml version="1.0" encoding="UTF-8"?>
<!-- Generated by org.testng.reporters.JUnitXMLReporter -->
<testsuite ignored="26" hostname="AMX-RL-20-348-W" failures="0" tests="2" name="Test(failed)(failed)" time="37.954" errors="0" timestamp="2022-07-05T20:22:15 IST">
  <testcase classname="icivics_testcases.Icivics8_StudentRegistration1Email_Test" name="C397_Verifyclasscodelink" time="14.561"/>
  <testcase classname="icivics_testcases.Icivics7_StudentRegistration1classcode_Test" name="C427_verifyemailfieldsdisappear" time="19.041"/>
  <testcase classname="icivics_testcases.Icivics8_StudentRegistration1Email_Test" name="C392_verifyemailtooltips" time="0.0">
    <ignored/>
  </testcase> <!-- C392_verifyemailtooltips -->
  <testcase classname="icivics_testcases.Icivics8_StudentRegistration1Email_Test" name="C394_verifyblankerrormsg" time="0.0">
    <ignored/>
  </testcase> <!-- C394_verifyblankerrormsg -->
  <testcase classname="icivics_testcases.Icivics7_StudentRegistration1classcode_Test" name="C430_verifyregistrationwithvaliddata" time="0.0">
    <ignored/>
  </testcase> <!-- C430_verifyregistrationwithvaliddata -->
  <testcase classname="icivics_testcases.Icivics8_StudentRegistration1Email_Test" name="C396_verifyvalidregistration" time="0.0">
    <ignored/>
  </testcase> <!-- C396_verifyvalidregistration -->
  <testcase classname="icivics_testcases.Icivics8_StudentRegistration1Email_Test" name="C385_Verifyvideolink" time="0.0">
    <ignored/>
  </testcase> <!-- C385_Verifyvideolink -->
  <testcase classname="icivics_testcases.Icivics8_StudentRegistration1Email_Test" name="C387_verifytextfields" time="0.0">
    <ignored/>
  </testcase> <!-- C387_verifytextfields -->
  <testcase classname="icivics_testcases.Icivics7_StudentRegistration1classcode_Test" name="C433_verifyerrormsgverifyemailblankfield" time="0.0">
    <ignored/>
  </testcase> <!-- C433_verifyerrormsgverifyemailblankfield -->
  <testcase classname="icivics_testcases.Icivics8_StudentRegistration1Email_Test" name="C388_verifyusernamepregenerated" time="0.0">
    <ignored/>
  </testcase> <!-- C388_verifyusernamepregenerated -->
  <testcase classname="icivics_testcases.Icivics7_StudentRegistration1classcode_Test" name="C425_verifyemailfieldsappear" time="0.0">
    <ignored/>
  </testcase> <!-- C425_verifyemailfieldsappear -->
  <testcase classname="icivics_testcases.Icivics7_StudentRegistration1classcode_Test" name="C429_usernamegeneratedrandomly" time="0.0">
    <ignored/>
  </testcase> <!-- C429_usernamegeneratedrandomly -->
  <testcase classname="icivics_testcases.Icivics8_StudentRegistration1Email_Test" name="C390_verifyentertextinallfields" time="0.0">
    <ignored/>
  </testcase> <!-- C390_verifyentertextinallfields -->
  <testcase classname="cucumber.api.testng.AbstractTestNGCucumberTests" name="runScenario" time="0.0">
    <ignored/>
  </testcase> <!-- runScenario -->
  <testcase classname="cucumber.api.testng.AbstractTestNGCucumberTests" name="runScenario" time="0.0">
    <ignored/>
  </testcase> <!-- runScenario -->
  <testcase classname="icivics_testcases.Icivics7_StudentRegistration1classcode_Test" name="C435_verifyregistrationwithvalidvalue" time="0.0">
    <ignored/>
  </testcase> <!-- C435_verifyregistrationwithvalidvalue -->
  <testcase classname="icivics_testcases.Icivics7_StudentRegistration1classcode_Test" name="C428_verifyusernamepregenerated" time="0.0">
    <ignored/>
  </testcase> <!-- C428_verifyusernamepregenerated -->
  <testcase classname="icivics_testcases.Icivics7_StudentRegistration1classcode_Test" name="C432_verifyinvaliderrormsg" time="0.0">
    <ignored/>
  </testcase> <!-- C432_verifyinvaliderrormsg -->
  <testcase classname="icivics_testcases.Icivics8_StudentRegistration1Email_Test" name="C389_verifyusernamepregeneratedrandomly" time="0.0">
    <ignored/>
  </testcase> <!-- C389_verifyusernamepregeneratedrandomly -->
  <testcase classname="icivics_testcases.Icivics7_StudentRegistration1classcode_Test" name="C431_verifyAsteriks" time="0.0">
    <ignored/>
  </testcase> <!-- C431_verifyAsteriks -->
  <testcase classname="utilities.Reporter" name="@BeforeSuite startReport" time="0.0">
    <ignored/>
  </testcase> <!-- @BeforeSuite startReport -->
  <testcase classname="icivics_testcases.Icivics7_StudentRegistration1classcode_Test" name="C434_verifyinvaliderrormsg2" time="0.0">
    <ignored/>
  </testcase> <!-- C434_verifyinvaliderrormsg2 -->
  <testcase classname="icivics_testcases.Icivics8_StudentRegistration1Email_Test" name="C383_Verifybreadcrumbs" time="0.0">
    <ignored/>
  </testcase> <!-- C383_Verifybreadcrumbs -->
  <testcase classname="utilities.Reporter" name="@AfterSuite stopReport" time="0.0">
    <ignored/>
  </testcase> <!-- @AfterSuite stopReport -->
  <testcase classname="icivics_testcases.Icivics8_StudentRegistration1Email_Test" name="C384_Verifybreadcrumbspage" time="0.0">
    <ignored/>
  </testcase> <!-- C384_Verifybreadcrumbspage -->
  <testcase classname="icivics_testcases.Icivics7_StudentRegistration1classcode_Test" name="C426_verifyemailtooltips" time="0.0">
    <ignored/>
  </testcase> <!-- C426_verifyemailtooltips -->
  <testcase classname="icivics_testcases.Icivics8_StudentRegistration1Email_Test" name="C393_verifyemailerrormsg" time="0.0">
    <ignored/>
  </testcase> <!-- C393_verifyemailerrormsg -->
  <testcase classname="icivics_testcases.Icivics8_StudentRegistration1Email_Test" name="C391_verifyfieldsmarkedwithanasterisk" time="0.0">
    <ignored/>
  </testcase> <!-- C391_verifyfieldsmarkedwithanasterisk -->
</testsuite> <!-- Test(failed)(failed) -->
