<?xml version="1.0" encoding="UTF-8"?>
<!-- Generated by org.testng.reporters.JUnitXMLReporter -->
<testsuite ignored="34" hostname="AMX-RL-20-348-W" failures="2" tests="10" name="PlayHub_Testscripts(failed)" time="1770.712" errors="0" timestamp="2022-09-01T22:39:28 IST">
  <testcase classname="icivics_testcases.I51_PlayHub_MainsGamePage_Test" name="C73_Verifybannerasastudentlogin" time="84.495"/>
  <testcase classname="icivics_testcases.I50_PlayHub_Individual_Game_ArgumentsWar_Test" name="C90_Verifyappleapppage" time="885.956"/>
  <testcase classname="icivics_testcases.I50_PlayHub_Individual_Game_ArgumentsWar_Test" name="C91_Verifygoogleplaybutton" time="98.091">
    <skipped/>
  </testcase> <!-- C91_Verifygoogleplaybutton -->
  <testcase classname="icivics_testcases.I50_PlayHub_Individual_Game_ArgumentsWar_Test" name="C91_Verifygoogleplaybutton" time="97.238">
    <skipped/>
  </testcase> <!-- C91_Verifygoogleplaybutton -->
  <testcase classname="icivics_testcases.I50_PlayHub_Individual_Game_ArgumentsWar_Test" name="C91_Verifygoogleplaybutton" time="97.597">
    <skipped/>
  </testcase> <!-- C91_Verifygoogleplaybutton -->
  <testcase classname="icivics_testcases.I50_PlayHub_Individual_Game_ArgumentsWar_Test" name="C91_Verifygoogleplaybutton" time="97.588">
    <failure type="java.lang.NullPointerException" message="Cannot invoke &amp;quot;org.openqa.selenium.JavascriptExecutor.executeScript(String, Object[])&amp;quot; because &amp;quot;this.js&amp;quot; is null">
      <![CDATA[java.lang.NullPointerException: Cannot invoke "org.openqa.selenium.JavascriptExecutor.executeScript(String, Object[])" because "this.js" is null
at icivics_pages.PlayHub_Individual_Game_AgrumentsWar.verifygoogleplaybutton(PlayHub_Individual_Game_AgrumentsWar.java:785)
at icivics_testcases.I50_PlayHub_Individual_Game_ArgumentsWar_Test.C91_Verifygoogleplaybutton(I50_PlayHub_Individual_Game_ArgumentsWar_Test.java:113)
at java.base/java.util.ArrayList.forEach(ArrayList.java:1511)
... Removed 27 stack frames]]>
    </failure>
  </testcase> <!-- C91_Verifygoogleplaybutton -->
  <testcase classname="icivics_testcases.I50_PlayHub_Individual_Game_ArgumentsWar_Test" name="C92_Verifygoogleplaypage" time="97.453">
    <skipped/>
  </testcase> <!-- C92_Verifygoogleplaypage -->
  <testcase classname="icivics_testcases.I50_PlayHub_Individual_Game_ArgumentsWar_Test" name="C92_Verifygoogleplaypage" time="97.72">
    <skipped/>
  </testcase> <!-- C92_Verifygoogleplaypage -->
  <testcase classname="icivics_testcases.I50_PlayHub_Individual_Game_ArgumentsWar_Test" name="C92_Verifygoogleplaypage" time="97.895">
    <skipped/>
  </testcase> <!-- C92_Verifygoogleplaypage -->
  <testcase classname="icivics_testcases.I50_PlayHub_Individual_Game_ArgumentsWar_Test" name="C92_Verifygoogleplaypage" time="97.455">
    <failure type="java.lang.NullPointerException" message="Cannot invoke &amp;quot;org.openqa.selenium.JavascriptExecutor.executeScript(String, Object[])&amp;quot; because &amp;quot;this.js&amp;quot; is null">
      <![CDATA[java.lang.NullPointerException: Cannot invoke "org.openqa.selenium.JavascriptExecutor.executeScript(String, Object[])" because "this.js" is null
at icivics_pages.PlayHub_Individual_Game_AgrumentsWar.verifygoogleplaypage(PlayHub_Individual_Game_AgrumentsWar.java:1024)
at icivics_testcases.I50_PlayHub_Individual_Game_ArgumentsWar_Test.C92_Verifygoogleplaypage(I50_PlayHub_Individual_Game_ArgumentsWar_Test.java:121)
at java.base/java.util.ArrayList.forEach(ArrayList.java:1511)
... Removed 27 stack frames]]>
    </failure>
  </testcase> <!-- C92_Verifygoogleplaypage -->
  <testcase classname="icivics_testcases.I51_PlayHub_MainsGamePage_Test" name="C73_Verifyleftcarousel" time="0.0">
    <ignored/>
  </testcase> <!-- C73_Verifyleftcarousel -->
  <testcase classname="icivics_testcases.I50_PlayHub_Individual_Game_ArgumentsWar_Test" name="C82_Verifypopup" time="0.0">
    <ignored/>
  </testcase> <!-- C82_Verifypopup -->
  <testcase classname="icivics_testcases.I51_PlayHub_MainsGamePage_Test" name="C73_Verifycarouseldots3rdpage" time="0.0">
    <ignored/>
  </testcase> <!-- C73_Verifycarouseldots3rdpage -->
  <testcase classname="icivics_testcases.I51_PlayHub_MainsGamePage_Test" name="C73_Verifyteachbutton" time="0.0">
    <ignored/>
  </testcase> <!-- C73_Verifyteachbutton -->
  <testcase classname="icivics_testcases.I50_PlayHub_Individual_Game_ArgumentsWar_Test" name="C97_Verifylearningobjectivesforanonymoususer" time="0.0">
    <ignored/>
  </testcase> <!-- C97_Verifylearningobjectivesforanonymoususer -->
  <testcase classname="icivics_testcases.I51_PlayHub_MainsGamePage_Test" name="C73_Verifybannerasananonymoususer" time="0.0">
    <ignored/>
  </testcase> <!-- C73_Verifybannerasananonymoususer -->
  <testcase classname="icivics_testcases.I50_PlayHub_Individual_Game_ArgumentsWar_Test" name="C93_Verifyextensionpackforsortifygame" time="0.0">
    <ignored/>
  </testcase> <!-- C93_Verifyextensionpackforsortifygame -->
  <testcase classname="icivics_testcases.I50_PlayHub_Individual_Game_ArgumentsWar_Test" name="C94_Verifyextensionpackforanonymoususere" time="0.0">
    <ignored/>
  </testcase> <!-- C94_Verifyextensionpackforanonymoususere -->
  <testcase classname="icivics_testcases.I51_PlayHub_MainsGamePage_Test" name="C73_Verifyregisterbuttonclick" time="0.0">
    <ignored/>
  </testcase> <!-- C73_Verifyregisterbuttonclick -->
  <testcase classname="icivics_testcases.I51_PlayHub_MainsGamePage_Test" name="C73_Verifycarouseldots" time="0.0">
    <ignored/>
  </testcase> <!-- C73_Verifycarouseldots -->
  <testcase classname="icivics_testcases.I50_PlayHub_Individual_Game_ArgumentsWar_Test" name="C94_Verifyextensionpackforstudent" time="0.0">
    <ignored/>
  </testcase> <!-- C94_Verifyextensionpackforstudent -->
  <testcase classname="io.cucumber.testng.AbstractTestNGCucumberTests" name="runScenario" time="0.0">
    <ignored/>
  </testcase> <!-- runScenario -->
  <testcase classname="io.cucumber.testng.AbstractTestNGCucumberTests" name="runScenario" time="0.0">
    <ignored/>
  </testcase> <!-- runScenario -->
  <testcase classname="icivics_testcases.I50_PlayHub_Individual_Game_ArgumentsWar_Test" name="C95_Verifyextensionpackclick" time="0.0">
    <ignored/>
  </testcase> <!-- C95_Verifyextensionpackclick -->
  <testcase classname="icivics_testcases.I51_PlayHub_MainsGamePage_Test" name="C73_Verifymainsgamepage" time="0.0">
    <ignored/>
  </testcase> <!-- C73_Verifymainsgamepage -->
  <testcase classname="icivics_testcases.I50_PlayHub_Individual_Game_ArgumentsWar_Test" name="C86_Verifyteacherresourcespopup" time="0.0">
    <ignored/>
  </testcase> <!-- C86_Verifyteacherresourcespopup -->
  <testcase classname="icivics_testcases.I51_PlayHub_MainsGamePage_Test" name="C73_Verifybannerasateacherlogin" time="0.0">
    <ignored/>
  </testcase> <!-- C73_Verifybannerasateacherlogin -->
  <testcase classname="icivics_testcases.I50_PlayHub_Individual_Game_ArgumentsWar_Test" name="C89_Verifyappleapp" time="0.0">
    <ignored/>
  </testcase> <!-- C89_Verifyappleapp -->
  <testcase classname="icivics_testcases.I51_PlayHub_MainsGamePage_Test" name="C73_VerifygamesTilesclick" time="0.0">
    <ignored/>
  </testcase> <!-- C73_VerifygamesTilesclick -->
  <testcase classname="icivics_testcases.I50_PlayHub_Individual_Game_ArgumentsWar_Test" name="C93_Verifyextensionpack" time="0.0">
    <ignored/>
  </testcase> <!-- C93_Verifyextensionpack -->
  <testcase classname="icivics_testcases.I51_PlayHub_MainsGamePage_Test" name="C73_VerifygamesTiles" time="0.0">
    <ignored/>
  </testcase> <!-- C73_VerifygamesTiles -->
  <testcase classname="icivics_testcases.I50_PlayHub_Individual_Game_ArgumentsWar_Test" name="C87_Verifyassignpopup" time="0.0">
    <ignored/>
  </testcase> <!-- C87_Verifyassignpopup -->
  <testcase classname="utilities.Reporter" name="@BeforeSuite startReport" time="0.0">
    <ignored/>
  </testcase> <!-- @BeforeSuite startReport -->
  <testcase classname="icivics_testcases.I50_PlayHub_Individual_Game_ArgumentsWar_Test" name="C96_Verifylearningobjectives" time="0.0">
    <ignored/>
  </testcase> <!-- C96_Verifylearningobjectives -->
  <testcase classname="icivics_testcases.I50_PlayHub_Individual_Game_ArgumentsWar_Test" name="C81_Verifylink" time="0.0">
    <ignored/>
  </testcase> <!-- C81_Verifylink -->
  <testcase classname="icivics_testcases.I51_PlayHub_MainsGamePage_Test" name="C73_Verifygreenteachertile" time="0.0">
    <ignored/>
  </testcase> <!-- C73_Verifygreenteachertile -->
  <testcase classname="icivics_testcases.I51_PlayHub_MainsGamePage_Test" name="C73_Verifyrightcarousel" time="0.0">
    <ignored/>
  </testcase> <!-- C73_Verifyrightcarousel -->
  <testcase classname="icivics_testcases.I50_PlayHub_Individual_Game_ArgumentsWar_Test" name="C85_Verifyeducatorbuttonforstudent" time="0.0">
    <ignored/>
  </testcase> <!-- C85_Verifyeducatorbuttonforstudent -->
  <testcase classname="icivics_testcases.I50_PlayHub_Individual_Game_ArgumentsWar_Test" name="C85_Verifyeducatorbuttonforanonymoususer" time="0.0">
    <ignored/>
  </testcase> <!-- C85_Verifyeducatorbuttonforanonymoususer -->
  <testcase classname="utilities.Reporter" name="@AfterSuite stopReport" time="0.0">
    <ignored/>
  </testcase> <!-- @AfterSuite stopReport -->
  <testcase classname="icivics_testcases.I50_PlayHub_Individual_Game_ArgumentsWar_Test" name="C84_Verifyeducatorbutton" time="0.0">
    <ignored/>
  </testcase> <!-- C84_Verifyeducatorbutton -->
  <testcase classname="icivics_testcases.I51_PlayHub_MainsGamePage_Test" name="C73_Verifygetstartedbutton" time="0.0">
    <ignored/>
  </testcase> <!-- C73_Verifygetstartedbutton -->
  <testcase classname="icivics_testcases.I50_PlayHub_Individual_Game_ArgumentsWar_Test" name="C97_Verifylearningobjectivesforstudent" time="0.0">
    <ignored/>
  </testcase> <!-- C97_Verifylearningobjectivesforstudent -->
  <testcase classname="icivics_testcases.I50_PlayHub_Individual_Game_ArgumentsWar_Test" name="C88_Verifyassignform" time="0.0">
    <ignored/>
  </testcase> <!-- C88_Verifyassignform -->
</testsuite> <!-- PlayHub_Testscripts(failed) -->
