<?xml version="1.0" encoding="UTF-8"?>
<!-- Generated by org.testng.reporters.JUnitXMLReporter -->
<testsuite ignored="20" hostname="AMX-RL-20-348-W" failures="0" tests="1" name="PlayHub_Testscripts(failed)(failed)(failed)" time="977.194" errors="0" timestamp="2022-09-02T00:34:22 IST">
  <testcase classname="icivics_testcases.I50_PlayHub_Individual_Game_ArgumentsWar_Test" name="C92_Verifygoogleplaypage" time="973.301"/>
  <testcase classname="icivics_testcases.I50_PlayHub_Individual_Game_ArgumentsWar_Test" name="C89_Verifyappleapp" time="0.0">
    <ignored/>
  </testcase> <!-- C89_Verifyappleapp -->
  <testcase classname="icivics_testcases.I50_PlayHub_Individual_Game_ArgumentsWar_Test" name="C93_Verifyextensionpack" time="0.0">
    <ignored/>
  </testcase> <!-- C93_Verifyextensionpack -->
  <testcase classname="icivics_testcases.I50_PlayHub_Individual_Game_ArgumentsWar_Test" name="C91_Verifygoogleplaybutton" time="0.0">
    <ignored/>
  </testcase> <!-- C91_Verifygoogleplaybutton -->
  <testcase classname="icivics_testcases.I50_PlayHub_Individual_Game_ArgumentsWar_Test" name="C82_Verifypopup" time="0.0">
    <ignored/>
  </testcase> <!-- C82_Verifypopup -->
  <testcase classname="icivics_testcases.I50_PlayHub_Individual_Game_ArgumentsWar_Test" name="C97_Verifylearningobjectivesforanonymoususer" time="0.0">
    <ignored/>
  </testcase> <!-- C97_Verifylearningobjectivesforanonymoususer -->
  <testcase classname="icivics_testcases.I50_PlayHub_Individual_Game_ArgumentsWar_Test" name="C93_Verifyextensionpackforsortifygame" time="0.0">
    <ignored/>
  </testcase> <!-- C93_Verifyextensionpackforsortifygame -->
  <testcase classname="icivics_testcases.I50_PlayHub_Individual_Game_ArgumentsWar_Test" name="C87_Verifyassignpopup" time="0.0">
    <ignored/>
  </testcase> <!-- C87_Verifyassignpopup -->
  <testcase classname="icivics_testcases.I50_PlayHub_Individual_Game_ArgumentsWar_Test" name="C94_Verifyextensionpackforanonymoususere" time="0.0">
    <ignored/>
  </testcase> <!-- C94_Verifyextensionpackforanonymoususere -->
  <testcase classname="icivics_testcases.I50_PlayHub_Individual_Game_ArgumentsWar_Test" name="C81_Verifylink" time="0.0">
    <ignored/>
  </testcase> <!-- C81_Verifylink -->
  <testcase classname="icivics_testcases.I50_PlayHub_Individual_Game_ArgumentsWar_Test" name="C96_Verifylearningobjectives" time="0.0">
    <ignored/>
  </testcase> <!-- C96_Verifylearningobjectives -->
  <testcase classname="icivics_testcases.I50_PlayHub_Individual_Game_ArgumentsWar_Test" name="C94_Verifyextensionpackforstudent" time="0.0">
    <ignored/>
  </testcase> <!-- C94_Verifyextensionpackforstudent -->
  <testcase classname="io.cucumber.testng.AbstractTestNGCucumberTests" name="runScenario" time="0.0">
    <ignored/>
  </testcase> <!-- runScenario -->
  <testcase classname="icivics_testcases.I50_PlayHub_Individual_Game_ArgumentsWar_Test" name="C85_Verifyeducatorbuttonforstudent" time="0.0">
    <ignored/>
  </testcase> <!-- C85_Verifyeducatorbuttonforstudent -->
  <testcase classname="icivics_testcases.I50_PlayHub_Individual_Game_ArgumentsWar_Test" name="C85_Verifyeducatorbuttonforanonymoususer" time="0.0">
    <ignored/>
  </testcase> <!-- C85_Verifyeducatorbuttonforanonymoususer -->
  <testcase classname="icivics_testcases.I50_PlayHub_Individual_Game_ArgumentsWar_Test" name="C95_Verifyextensionpackclick" time="0.0">
    <ignored/>
  </testcase> <!-- C95_Verifyextensionpackclick -->
  <testcase classname="icivics_testcases.I50_PlayHub_Individual_Game_ArgumentsWar_Test" name="C84_Verifyeducatorbutton" time="0.0">
    <ignored/>
  </testcase> <!-- C84_Verifyeducatorbutton -->
  <testcase classname="icivics_testcases.I50_PlayHub_Individual_Game_ArgumentsWar_Test" name="C90_Verifyappleapppage" time="0.0">
    <ignored/>
  </testcase> <!-- C90_Verifyappleapppage -->
  <testcase classname="icivics_testcases.I50_PlayHub_Individual_Game_ArgumentsWar_Test" name="C86_Verifyteacherresourcespopup" time="0.0">
    <ignored/>
  </testcase> <!-- C86_Verifyteacherresourcespopup -->
  <testcase classname="icivics_testcases.I50_PlayHub_Individual_Game_ArgumentsWar_Test" name="C97_Verifylearningobjectivesforstudent" time="0.0">
    <ignored/>
  </testcase> <!-- C97_Verifylearningobjectivesforstudent -->
  <testcase classname="icivics_testcases.I50_PlayHub_Individual_Game_ArgumentsWar_Test" name="C88_Verifyassignform" time="0.0">
    <ignored/>
  </testcase> <!-- C88_Verifyassignform -->
</testsuite> <!-- PlayHub_Testscripts(failed)(failed)(failed) -->
