<?xml version="1.0" encoding="UTF-8"?>
<testng-results ignored="0" total="1" passed="1" failed="0" skipped="0">
  <reporter-output>
  </reporter-output>
  <suite started-at="2022-11-09T08:28:45 PST" name="Default suite" finished-at="2022-11-09T08:29:20 PST" duration-ms="34824">
    <groups>
      <group name="cucumber">
        <method signature="AbstractTestNGCucumberTests.runScenario(io.cucumber.testng.PickleWrapper,io.cucumber.testng.FeatureWrapper)[pri:0, instance:testcases.Accountcreation_Test@4c163e3]" name="runScenario" class="io.cucumber.testng.AbstractTestNGCucumberTests"/>
      </group> <!-- cucumber -->
    </groups>
    <test started-at="2022-11-09T08:28:45 PST" name="Default test" finished-at="2022-11-09T08:29:20 PST" duration-ms="34824">
      <class name="testcases.Accountcreation_Test">
        <test-method is-config="true" signature="startReport()[pri:0, instance:testcases.Accountcreation_Test@4c163e3]" started-at="2022-11-09T08:28:45 PST" name="startReport" finished-at="2022-11-09T08:28:45 PST" duration-ms="490" status="PASS">
          <reporter-output>
          </reporter-output>
        </test-method> <!-- startReport -->
        <test-method is-config="true" signature="setValues()[pri:0, instance:testcases.Accountcreation_Test@4c163e3]" started-at="2022-11-09T08:28:45 PST" name="setValues" finished-at="2022-11-09T08:28:45 PST" duration-ms="0" status="PASS">
          <reporter-output>
          </reporter-output>
        </test-method> <!-- setValues -->
        <test-method is-config="true" signature="setUpClass(org.testng.ITestContext)[pri:0, instance:testcases.Accountcreation_Test@4c163e3]" started-at="2022-11-09T08:28:45 PST" name="setUpClass" finished-at="2022-11-09T08:28:45 PST" duration-ms="233" status="PASS">
          <params>
            <param index="0">
              <value>
                <![CDATA[org.testng.TestRunner@6d0290d8]]>
              </value>
            </param>
          </params>
          <reporter-output>
          </reporter-output>
        </test-method> <!-- setUpClass -->
        <test-method is-config="true" signature="report()[pri:0, instance:testcases.Accountcreation_Test@4c163e3]" started-at="2022-11-09T08:28:45 PST" name="report" finished-at="2022-11-09T08:28:45 PST" duration-ms="12" status="PASS">
          <reporter-output>
          </reporter-output>
        </test-method> <!-- report -->
        <test-method is-config="true" signature="beforeMethod()[pri:0, instance:testcases.Accountcreation_Test@4c163e3]" started-at="2022-11-09T08:28:45 PST" name="beforeMethod" finished-at="2022-11-09T08:28:49 PST" duration-ms="3115" status="PASS">
          <reporter-output>
          </reporter-output>
        </test-method> <!-- beforeMethod -->
        <test-method signature="VERIFYSHARING()[pri:0, instance:testcases.Accountcreation_Test@4c163e3]" started-at="2022-11-09T08:28:49 PST" name="VERIFYSHARING" finished-at="2022-11-09T08:29:20 PST" duration-ms="31021" status="PASS">
          <reporter-output>
          </reporter-output>
        </test-method> <!-- VERIFYSHARING -->
        <test-method is-config="true" signature="afterMethod()[pri:0, instance:testcases.Accountcreation_Test@4c163e3]" started-at="2022-11-09T08:29:20 PST" name="afterMethod" finished-at="2022-11-09T08:29:20 PST" duration-ms="379" status="PASS">
          <reporter-output>
          </reporter-output>
        </test-method> <!-- afterMethod -->
        <test-method is-config="true" signature="tearDownClass()[pri:0, instance:testcases.Accountcreation_Test@4c163e3]" started-at="2022-11-09T08:29:20 PST" name="tearDownClass" finished-at="2022-11-09T08:29:20 PST" duration-ms="7" status="PASS">
          <reporter-output>
          </reporter-output>
        </test-method> <!-- tearDownClass -->
        <test-method is-config="true" signature="stopReport()[pri:0, instance:testcases.Accountcreation_Test@4c163e3]" started-at="2022-11-09T08:29:20 PST" name="stopReport" finished-at="2022-11-09T08:29:21 PST" duration-ms="1053" status="PASS">
          <reporter-output>
          </reporter-output>
        </test-method> <!-- stopReport -->
      </class> <!-- testcases.Accountcreation_Test -->
    </test> <!-- Default test -->
  </suite> <!-- Default suite -->
</testng-results>
