<?xml version="1.0" encoding="UTF-8"?>
<testng-results ignored="0" total="1" passed="1" failed="0" skipped="0">
  <reporter-output>
  </reporter-output>
  <suite started-at="2022-11-04T22:41:06 IST" name="Default suite" finished-at="2022-11-04T22:41:29 IST" duration-ms="23453">
    <groups>
      <group name="cucumber">
        <method signature="AbstractTestNGCucumberTests.runScenario(io.cucumber.testng.PickleWrapper,io.cucumber.testng.FeatureWrapper)[pri:0, instance:testcases.Mobilesort_Test@5745ca0e]" name="runScenario" class="io.cucumber.testng.AbstractTestNGCucumberTests"/>
      </group> <!-- cucumber -->
    </groups>
    <test started-at="2022-11-04T22:41:06 IST" name="Default test" finished-at="2022-11-04T22:41:29 IST" duration-ms="23453">
      <class name="testcases.Mobilesort_Test">
        <test-method is-config="true" signature="startReport()[pri:0, instance:testcases.Mobilesort_Test@5745ca0e]" started-at="2022-11-04T22:41:05 IST" name="startReport" finished-at="2022-11-04T22:41:06 IST" duration-ms="582" status="PASS">
          <reporter-output>
          </reporter-output>
        </test-method> <!-- startReport -->
        <test-method is-config="true" signature="setValues()[pri:0, instance:testcases.Mobilesort_Test@5745ca0e]" started-at="2022-11-04T22:41:06 IST" name="setValues" finished-at="2022-11-04T22:41:06 IST" duration-ms="1" status="PASS">
          <reporter-output>
          </reporter-output>
        </test-method> <!-- setValues -->
        <test-method is-config="true" signature="setUpClass(org.testng.ITestContext)[pri:0, instance:testcases.Mobilesort_Test@5745ca0e]" started-at="2022-11-04T22:41:06 IST" name="setUpClass" finished-at="2022-11-04T22:41:06 IST" duration-ms="300" status="PASS">
          <params>
            <param index="0">
              <value>
                <![CDATA[org.testng.TestRunner@691567ea]]>
              </value>
            </param>
          </params>
          <reporter-output>
          </reporter-output>
        </test-method> <!-- setUpClass -->
        <test-method is-config="true" signature="report()[pri:0, instance:testcases.Mobilesort_Test@5745ca0e]" started-at="2022-11-04T22:41:06 IST" name="report" finished-at="2022-11-04T22:41:06 IST" duration-ms="23" status="PASS">
          <reporter-output>
          </reporter-output>
        </test-method> <!-- report -->
        <test-method is-config="true" signature="beforeMethod()[pri:0, instance:testcases.Mobilesort_Test@5745ca0e]" started-at="2022-11-04T22:41:06 IST" name="beforeMethod" finished-at="2022-11-04T22:41:11 IST" duration-ms="4520" status="PASS">
          <reporter-output>
          </reporter-output>
        </test-method> <!-- beforeMethod -->
        <test-method signature="tp01_VerifyMobilePage()[pri:0, instance:testcases.Mobilesort_Test@5745ca0e]" started-at="2022-11-04T22:41:11 IST" name="tp01_VerifyMobilePage" finished-at="2022-11-04T22:41:29 IST" duration-ms="18087" status="PASS">
          <reporter-output>
          </reporter-output>
        </test-method> <!-- tp01_VerifyMobilePage -->
        <test-method is-config="true" signature="afterMethod()[pri:0, instance:testcases.Mobilesort_Test@5745ca0e]" started-at="2022-11-04T22:41:29 IST" name="afterMethod" finished-at="2022-11-04T22:41:29 IST" duration-ms="467" status="PASS">
          <reporter-output>
          </reporter-output>
        </test-method> <!-- afterMethod -->
        <test-method is-config="true" signature="tearDownClass()[pri:0, instance:testcases.Mobilesort_Test@5745ca0e]" started-at="2022-11-04T22:41:29 IST" name="tearDownClass" finished-at="2022-11-04T22:41:29 IST" duration-ms="8" status="PASS">
          <reporter-output>
          </reporter-output>
        </test-method> <!-- tearDownClass -->
        <test-method is-config="true" signature="stopReport()[pri:0, instance:testcases.Mobilesort_Test@5745ca0e]" started-at="2022-11-04T22:41:30 IST" name="stopReport" finished-at="2022-11-04T22:41:30 IST" duration-ms="902" status="PASS">
          <reporter-output>
          </reporter-output>
        </test-method> <!-- stopReport -->
      </class> <!-- testcases.Mobilesort_Test -->
    </test> <!-- Default test -->
  </suite> <!-- Default suite -->
</testng-results>
