<?xml version="1.0" encoding="UTF-8"?>
<!-- Generated by org.testng.reporters.JUnitXMLReporter -->
<testsuite hostname="AMX-RL-20-348-W" ignored="7" name="EducatorRegistration_Testscripts" tests="4" failures="1" timestamp="2022-07-08T01:06:36 IST" time="69.092" errors="0">
  <testcase name="C355_verifyallfieldswithblankfield" time="15.0" classname="icivics_testcases.I13_EducatorRegistration3_Test">
    <skipped/>
  </testcase> <!-- C355_verifyallfieldswithblankfield -->
  <testcase name="C355_verifyallfieldswithblankfield" time="13.874" classname="icivics_testcases.I13_EducatorRegistration3_Test">
    <skipped/>
  </testcase> <!-- C355_verifyallfieldswithblankfield -->
  <testcase name="C355_verifyallfieldswithblankfield" time="13.649" classname="icivics_testcases.I13_EducatorRegistration3_Test">
    <skipped/>
  </testcase> <!-- C355_verifyallfieldswithblankfield -->
  <testcase name="C355_verifyallfieldswithblankfield" time="13.754" classname="icivics_testcases.I13_EducatorRegistration3_Test">
    <failure type="java.lang.NullPointerException">
      <![CDATA[java.lang.NullPointerException
at selenium.base.SeleniumBase.propElement(SeleniumBase.java:1891)
at icivics_pages.EducatorRegistration3.verifyblankfielderrormsg(EducatorRegistration3.java:350)
at icivics_testcases.I13_EducatorRegistration3_Test.C355_verifyallfieldswithblankfield(I13_EducatorRegistration3_Test.java:82)
at java.util.concurrent.ThreadPoolExecutor.runWorker(Unknown Source)
at java.util.concurrent.ThreadPoolExecutor$Worker.run(Unknown Source)
at java.lang.Thread.run(Unknown Source)
... Removed 12 stack frames]]>
    </failure>
  </testcase> <!-- C355_verifyallfieldswithblankfield -->
  <testcase name="C349_verifypreviouspage" time="0.0" classname="icivics_testcases.I13_EducatorRegistration3_Test">
    <ignored/>
  </testcase> <!-- C349_verifypreviouspage -->
  <testcase name="C348_verifybreadcrumbspage3" time="0.0" classname="icivics_testcases.I13_EducatorRegistration3_Test">
    <ignored/>
  </testcase> <!-- C348_verifybreadcrumbspage3 -->
  <testcase name="C357_verifyvalidsubmission" time="0.0" classname="icivics_testcases.I13_EducatorRegistration3_Test">
    <ignored/>
  </testcase> <!-- C357_verifyvalidsubmission -->
  <testcase name="C351_verifyallpage3fields" time="0.0" classname="icivics_testcases.I13_EducatorRegistration3_Test">
    <ignored/>
  </testcase> <!-- C351_verifyallpage3fields -->
  <testcase name="C354_verifyallfieldswithinvaliddata" time="0.0" classname="icivics_testcases.I13_EducatorRegistration3_Test">
    <ignored/>
  </testcase> <!-- C354_verifyallfieldswithinvaliddata -->
  <testcase name="C352_verifyallfieldsallowtoentertextandmakeselection" time="0.0" classname="icivics_testcases.I13_EducatorRegistration3_Test">
    <ignored/>
  </testcase> <!-- C352_verifyallfieldsallowtoentertextandmakeselection -->
  <testcase name="C350_verifyalldataremembered" time="0.0" classname="icivics_testcases.I13_EducatorRegistration3_Test">
    <ignored/>
  </testcase> <!-- C350_verifyalldataremembered -->
</testsuite> <!-- EducatorRegistration_Testscripts -->
