<?xml version="1.0" encoding="UTF-8"?>
<!-- Generated by org.testng.reporters.JUnitXMLReporter -->
<testsuite ignored="10" hostname="AMX-RL-20-348-W" failures="0" tests="33" name="Googleintegration_Testscripts" time="2663.136" errors="0" timestamp="2022-08-02T21:43:11 IST">
  <testcase classname="icivics_testcases.I40_Googlesignon_Test" name="C539_Verifygooglesiginpage" time="9.146"/>
  <testcase classname="icivics_testcases.I40_Googlesignon_Test" name="C540_verifyentercredentails" time="45.038"/>
  <testcase classname="icivics_testcases.I40_Googlesignon_Test" name="C541_verifyentercredentails2" time="279.148"/>
  <testcase classname="icivics_testcases.I40_Googlesignon_Test" name="C542_verifyentercredentailsasstudent" time="45.916"/>
  <testcase classname="icivics_testcases.I40_Googlesignon_Test" name="C543_verifynotregisteredaccountforstudent" time="170.018"/>
  <testcase classname="icivics_testcases.I41_GoogleRegistration_Test" name="C544_Verifyeducatorregistrationpage1" time="32.399"/>
  <testcase classname="icivics_testcases.I41_GoogleRegistration_Test" name="C545_Verifyregistrationwithoutsignin" time="3.494"/>
  <testcase classname="icivics_testcases.I41_GoogleRegistration_Test" name="C546_Verifyregistrationwithalreadyregisteredid" time="29.138"/>
  <testcase classname="icivics_testcases.I41_GoogleRegistration_Test" name="C544_Verifystudentregistrationpage1" time="33.682"/>
  <testcase classname="icivics_testcases.I42_Pg1TeacherRegistration_Test" name="C545_VerifyTeacherregistrationpage1" time="171.669"/>
  <testcase classname="icivics_testcases.I42_Pg1TeacherRegistration_Test" name="C546_Verifyroleandgradefield" time="41.964"/>
  <testcase classname="icivics_testcases.I42_Pg1TeacherRegistration_Test" name="C547_Verifyroleandgradefield" time="45.375"/>
  <testcase classname="icivics_testcases.I42_Pg1TeacherRegistration_Test" name="C548_Verifyleavegradeboxesunchecked" time="37.219"/>
  <testcase classname="icivics_testcases.I42_Pg1TeacherRegistration_Test" name="C549_Verifyleaverolenoneselected" time="35.314"/>
  <testcase classname="icivics_testcases.I42_Pg1TeacherRegistration_Test" name="C550_Verifyenterwithvaliddata" time="44.934"/>
  <testcase classname="icivics_testcases.I43_Pg2TeacherRegistration_Test" name="C545_VerifyTeacherregistrationpage1" time="38.693"/>
  <testcase classname="icivics_testcases.I43_Pg2TeacherRegistration_Test" name="C546_Verifypage2fields" time="47.93"/>
  <testcase classname="icivics_testcases.I43_Pg2TeacherRegistration_Test" name="C546_Verifybackbutton" time="43.451"/>
  <testcase classname="icivics_testcases.I43_Pg2TeacherRegistration_Test" name="C547_Verifyfieldselection" time="74.265"/>
  <testcase classname="icivics_testcases.I43_Pg2TeacherRegistration_Test" name="C548_Verifyfieldswithinvaliddata" time="43.29"/>
  <testcase classname="icivics_testcases.I43_Pg2TeacherRegistration_Test" name="C549_Verifyfieldswithinvaliddata" time="42.362"/>
  <testcase classname="icivics_testcases.I43_Pg2TeacherRegistration_Test" name="C550_Verifyfieldswithvaliddata" time="46.257"/>
  <testcase classname="icivics_testcases.I44_Pg3TeacherRegistration_Test" name="C551_Verifypagecount3" time="55.944"/>
  <testcase classname="icivics_testcases.I44_Pg3TeacherRegistration_Test" name="C552_Verifypage3fields" time="61.846"/>
  <testcase classname="icivics_testcases.I44_Pg3TeacherRegistration_Test" name="C553_Verifybackbutton" time="70.067"/>
  <testcase classname="icivics_testcases.I44_Pg3TeacherRegistration_Test" name="C554_Verifygettingstartedpagewithemailcheck1" time="57.686"/>
  <testcase classname="icivics_testcases.I44_Pg3TeacherRegistration_Test" name="C555_Verifygettingstartedpagewithemailcheck" time="70.303"/>
  <testcase classname="icivics_testcases.I44_Pg3TeacherRegistration_Test" name="C555_Verifygettingstartedpagewithemailuncheck" time="219.887"/>
  <testcase classname="icivics_testcases.I44_Pg3TeacherRegistration_Test" name="C556_Verifysynccheckboxwithemailcheck" time="235.893"/>
  <testcase classname="icivics_testcases.I44_Pg3TeacherRegistration_Test" name="C556_Verifysynccheckboxwithemailuncheck" time="233.507"/>
  <testcase classname="icivics_testcases.I45_Googlestudentregistration_Test" name="C557_Verifyagreetotermsandconditionfield" time="29.145"/>
  <testcase classname="icivics_testcases.I45_Googlestudentregistration_Test" name="C558_Verifyerrormsg" time="35.954"/>
  <testcase classname="icivics_testcases.I45_Googlestudentregistration_Test" name="C559_Verifyerrormsg" time="171.826"/>
  <testcase classname="utilities.Reporter" name="@AfterSuite stopReport" time="0.0">
    <ignored/>
  </testcase> <!-- @AfterSuite stopReport -->
  <testcase classname="utilities.Reporter" name="@AfterSuite stopReport" time="0.0">
    <ignored/>
  </testcase> <!-- @AfterSuite stopReport -->
  <testcase classname="utilities.Reporter" name="@AfterSuite stopReport" time="0.0">
    <ignored/>
  </testcase> <!-- @AfterSuite stopReport -->
  <testcase classname="utilities.Reporter" name="@AfterSuite stopReport" time="0.0">
    <ignored/>
  </testcase> <!-- @AfterSuite stopReport -->
  <testcase classname="utilities.Reporter" name="@AfterSuite stopReport" time="0.0">
    <ignored/>
  </testcase> <!-- @AfterSuite stopReport -->
  <testcase classname="utilities.Reporter" name="@BeforeSuite startReport" time="0.0">
    <ignored/>
  </testcase> <!-- @BeforeSuite startReport -->
  <testcase classname="utilities.Reporter" name="@BeforeSuite startReport" time="0.0">
    <ignored/>
  </testcase> <!-- @BeforeSuite startReport -->
  <testcase classname="utilities.Reporter" name="@BeforeSuite startReport" time="0.0">
    <ignored/>
  </testcase> <!-- @BeforeSuite startReport -->
  <testcase classname="utilities.Reporter" name="@BeforeSuite startReport" time="0.0">
    <ignored/>
  </testcase> <!-- @BeforeSuite startReport -->
  <testcase classname="utilities.Reporter" name="@BeforeSuite startReport" time="0.0">
    <ignored/>
  </testcase> <!-- @BeforeSuite startReport -->
</testsuite> <!-- Googleintegration_Testscripts -->
