<?xml version="1.0" encoding="UTF-8"?>
<!-- Generated by org.testng.reporters.JUnitXMLReporter -->
<testsuite ignored="14" hostname="AMX-RL-20-457-W" failures="0" tests="45" name="RegressionTest" time="2793.438" errors="0" timestamp="2022-06-28T21:14:11 IST">
  <testcase classname="icivics_testcases.Icivics_HomepageHeaderMyicivicsMisc_Test" name="C29_Verifydonatebutton" time="7.139"/>
  <testcase classname="icivics_testcases.Icivics_HomepageHeaderMyicivicsMisc_Test" name="C30_Verifydonatebuttonclick" time="25.97"/>
  <testcase classname="icivics_testcases.Icivics_HomepageHeaderMyicivicsMisc_Test" name="C31_Verifyshopbutton" time="7.455"/>
  <testcase classname="icivics_testcases.Icivics_HomepageHeaderMyicivicsMisc_Test" name="C32_Verifyshopbuttonclick" time="9.299"/>
  <testcase classname="icivics_testcases.Icivics_HomepageHeaderMyicivicsMisc_Test" name="C34_VerifyIcivicsbutton" time="26.983"/>
  <testcase classname="icivics_testcases.Icivics_HomepageHeaderMyicivicsMisc_Test" name="C35_Verifytheavatar" time="31.263"/>
  <testcase classname="icivics_testcases.Icivics_HomepageHeaderMyicivicsMisc_Test" name="C35_Verifythenoavatar" time="30.738"/>
  <testcase classname="icivics_testcases.Icivics_HomepageHeaderMyicivicsMisc_Test" name="C36_VerifyIcivicssubmenu" time="29.399"/>
  <testcase classname="icivics_testcases.Icivics_HomepageHeaderMyicivicsMisc_Test" name="C37_VerifyIcivicssubmenu" time="29.188"/>
  <testcase classname="icivics_testcases.Icivics_HomepageHeaderMyicivicsMisc_Test" name="C39_Myicivicsbuttonelementsverification" time="174.264"/>
  <testcase classname="icivics_testcases.Icivics_HomepageHeaderMyicivicsMisc_Test" name="C41_verifyselectpageisunderlined" time="136.271"/>
  <testcase classname="icivics_testcases.Icivics_HomepageHeaderMyicivicsMisc_Test" name="C42_Verifymyicivicsbuttonsubmenuclose" time="30.295"/>
  <testcase classname="icivics_testcases.Icivics_HomepageHeaderSigninMisc_Test" name="C29_Verifydonatebutton" time="9.191"/>
  <testcase classname="icivics_testcases.Icivics_HomepageHeaderSigninMisc_Test" name="C30_Verifydonatebuttonclick" time="23.402"/>
  <testcase classname="icivics_testcases.Icivics_HomepageHeaderSigninMisc_Test" name="C31_Verifyshopbutton" time="8.332"/>
  <testcase classname="icivics_testcases.Icivics_HomepageHeaderSigninMisc_Test" name="C32_Verifyshopbuttonclick" time="10.602"/>
  <testcase classname="icivics_testcases.Icivics_HomepageHeaderSigninMisc_Test" name="C33_Verifysigninbuttonforanonymoususer" time="6.183"/>
  <testcase classname="icivics_testcases.Icivics_HomepageHeaderSigninMisc_Test" name="C37_Verifysigninbuttonsubmenu" time="7.871"/>
  <testcase classname="icivics_testcases.Icivics_HomepageHeaderSigninMisc_Test" name="C38_Verifysigninbuttonsubmenu" time="20.763"/>
  <testcase classname="icivics_testcases.Icivics_HomepageHeaderSigninMisc_Test" name="C41_Verifysubmenuoptionisunderlined" time="47.643"/>
  <testcase classname="icivics_testcases.Icivics_HomepageHeaderSigninMisc_Test" name="C42_Verifysubmenuoptionisunderlined" time="7.951"/>
  <testcase classname="icivics_testcases.Icivics_HomepageTeacherHeader_Test" name="C3_Verifyheaderbuttonsforanonymoususer" time="31.141"/>
  <testcase classname="icivics_testcases.Icivics_HomepageTeacherHeader_Test" name="C3_Verifyheaderbuttonsforauthenticateduser" time="32.225"/>
  <testcase classname="icivics_testcases.Icivics_HomepageTeacherHeader_Test" name="C4_Verifyheaderelemets" time="203.274"/>
  <testcase classname="icivics_testcases.Icivics_HomepageTeacherHeader_Test" name="C6_Verifyheaderbuttonhoverforanonymoususer" time="126.832"/>
  <testcase classname="icivics_testcases.Icivics_HomepageTeacherHeader_Test" name="C6_verifyaheaderbuttonhoverforauthenticateduser" time="168.105"/>
  <testcase classname="icivics_testcases.Icivics_HomepageTeacherHeader_Test" name="C7_verifyresizeheaderintohamburger" time="62.994"/>
  <testcase classname="icivics_testcases.Icivics_HomepageHeader_Test" name="C1_VerifyLogo" time="12.242"/>
  <testcase classname="icivics_testcases.Icivics_HomepageHeader_Test" name="C2_VerifyHeaderbuttonforanonymoususer" time="28.891"/>
  <testcase classname="icivics_testcases.Icivics_HomepageHeader_Test" name="C2_VerifyHeaderbuttonforauthenticateduser" time="35.355"/>
  <testcase classname="icivics_testcases.Icivics_HomepageHeader_Test" name="C1538_Verifydonationpopup" time="14.061"/>
  <testcase classname="icivics_testcases.Icivicvs_HomepageHeaderteach2_Test" name="C19_Verifyteachsubmenu" time="105.09"/>
  <testcase classname="icivics_testcases.Icivics_HomepageHeaderTeach_Test" name="C15_Verifyteachsubmenu" time="5.637"/>
  <testcase classname="icivics_testcases.Icivics_HomepageHeaderTeach_Test" name="C16_Verifysubmenucount" time="7.682"/>
  <testcase classname="icivics_testcases.Icivics_HomepageHeaderTeach_Test" name="C17_Verifyteachbuttonelements" time="93.961"/>
  <testcase classname="icivics_testcases.Icivics_HomepageHeaderTeach_Test" name="C20_verifyclickteachbuttonagain" time="5.024"/>
  <testcase classname="icivics_testcases.Icivics_HomepageHeaderAbout_Test" name="C22_Verifyaboutsubmenu" time="55.181"/>
  <testcase classname="icivics_testcases.Icivics_HomepageHeaderAbout_Test" name="C23_Verifysubmenucount" time="28.654"/>
  <testcase classname="icivics_testcases.Icivics_HomepageHeaderAbout_Test" name="C24_VerifysubmenuElement" time="181.177"/>
  <testcase classname="icivics_testcases.Icivics_HomepageHeaderAbout_Test" name="C27_Verifyclickaboutbuttonagain" time="31.719"/>
  <testcase classname="icivics_testcases.Icivics_HomepageHeaderplay_Test" name="C8_Verifyplaysubmenu" time="6.318"/>
  <testcase classname="icivics_testcases.Icivics_HomepageHeaderplay_Test" name="C9_Verifyplaybuttonlist" time="36.209"/>
  <testcase classname="icivics_testcases.Icivics_HomepageHeaderplay_Test" name="C10_Verifyplaybuttonelements" time="420.853"/>
  <testcase classname="icivics_testcases.Icivics_HomepageHeaderplay_Test" name="C12_Verifypageisunderlined" time="314.287"/>
  <testcase classname="icivics_testcases.Icivics_HomepageHeaderplay_Test" name="C13_Verifyclickonplaybuttonagain" time="7.819"/>
  <testcase classname="utilities.Reporter" name="@BeforeSuite startReport" time="0.0">
    <ignored/>
  </testcase> <!-- @BeforeSuite startReport -->
  <testcase classname="utilities.Reporter" name="@BeforeSuite startReport" time="0.0">
    <ignored/>
  </testcase> <!-- @BeforeSuite startReport -->
  <testcase classname="utilities.Reporter" name="@BeforeSuite startReport" time="0.0">
    <ignored/>
  </testcase> <!-- @BeforeSuite startReport -->
  <testcase classname="utilities.Reporter" name="@BeforeSuite startReport" time="0.0">
    <ignored/>
  </testcase> <!-- @BeforeSuite startReport -->
  <testcase classname="utilities.Reporter" name="@BeforeSuite startReport" time="0.0">
    <ignored/>
  </testcase> <!-- @BeforeSuite startReport -->
  <testcase classname="utilities.Reporter" name="@BeforeSuite startReport" time="0.0">
    <ignored/>
  </testcase> <!-- @BeforeSuite startReport -->
  <testcase classname="utilities.Reporter" name="@BeforeSuite startReport" time="0.0">
    <ignored/>
  </testcase> <!-- @BeforeSuite startReport -->
  <testcase classname="utilities.Reporter" name="@AfterSuite stopReport" time="0.0">
    <ignored/>
  </testcase> <!-- @AfterSuite stopReport -->
  <testcase classname="utilities.Reporter" name="@AfterSuite stopReport" time="0.0">
    <ignored/>
  </testcase> <!-- @AfterSuite stopReport -->
  <testcase classname="utilities.Reporter" name="@AfterSuite stopReport" time="0.0">
    <ignored/>
  </testcase> <!-- @AfterSuite stopReport -->
  <testcase classname="utilities.Reporter" name="@AfterSuite stopReport" time="0.0">
    <ignored/>
  </testcase> <!-- @AfterSuite stopReport -->
  <testcase classname="utilities.Reporter" name="@AfterSuite stopReport" time="0.0">
    <ignored/>
  </testcase> <!-- @AfterSuite stopReport -->
  <testcase classname="utilities.Reporter" name="@AfterSuite stopReport" time="0.0">
    <ignored/>
  </testcase> <!-- @AfterSuite stopReport -->
  <testcase classname="utilities.Reporter" name="@AfterSuite stopReport" time="0.0">
    <ignored/>
  </testcase> <!-- @AfterSuite stopReport -->
</testsuite> <!-- RegressionTest -->
