<?xml version="1.0" encoding="UTF-8"?>
<!-- Generated by org.testng.reporters.JUnitXMLReporter -->
<testsuite ignored="38" hostname="AMX-RL-20-348-W" failures="0" tests="162" name="Test" time="3362.562" errors="0" timestamp="2022-07-05T21:21:10 IST">
  <testcase classname="icivics_testcases.Icivics16_HP_3HeaderTeach_Test" name="C15_Verifyteachsubmenu" time="3.735"/>
  <testcase classname="icivics_testcases.Icivics16_HP_3HeaderTeach_Test" name="C16_Verifysubmenucount" time="3.861"/>
  <testcase classname="icivics_testcases.Icivics16_HP_3HeaderTeach_Test" name="C17_Verifyteachbuttonelements" time="29.764"/>
  <testcase classname="icivics_testcases.Icivics16_HP_3HeaderTeach_Test" name="C20_verifyclickteachbuttonagain" time="3.104"/>
  <testcase classname="icivics_testcases.Icivics17_HP_3Headerteach2_Test" name="C19_Verifyteachsubmenu" time="63.599"/>
  <testcase classname="icivics_testcases.Icivics13_HP_1Header_Test" name="C1_VerifyLogo" time="7.537"/>
  <testcase classname="icivics_testcases.Icivics13_HP_1Header_Test" name="C2_VerifyHeaderbuttonforanonymoususer" time="12.264"/>
  <testcase classname="icivics_testcases.Icivics13_HP_1Header_Test" name="C2_VerifyHeaderbuttonforauthenticateduser" time="12.173"/>
  <testcase classname="icivics_testcases.Icivics13_HP_1Header_Test" name="C1538_Verifydonationpopup" time="6.258"/>
  <testcase classname="icivics_testcases.Icivics18_HP_4HeaderAbout_Test" name="C22_Verifyaboutsubmenu" time="9.0"/>
  <testcase classname="icivics_testcases.Icivics18_HP_4HeaderAbout_Test" name="C23_Verifysubmenucount" time="4.484"/>
  <testcase classname="icivics_testcases.Icivics18_HP_4HeaderAbout_Test" name="C24_VerifysubmenuElement" time="46.568"/>
  <testcase classname="icivics_testcases.Icivics18_HP_4HeaderAbout_Test" name="C27_Verifyclickaboutbuttonagain" time="8.281"/>
  <testcase classname="icivics_testcases.Icivics19_HP_5HeaderMyicivicsMisc_Test" name="C29_Verifydonatebutton" time="8.848"/>
  <testcase classname="icivics_testcases.Icivics19_HP_5HeaderMyicivicsMisc_Test" name="C30_Verifydonatebuttonclick" time="15.602"/>
  <testcase classname="icivics_testcases.Icivics19_HP_5HeaderMyicivicsMisc_Test" name="C31_Verifyshopbutton" time="7.165"/>
  <testcase classname="icivics_testcases.Icivics19_HP_5HeaderMyicivicsMisc_Test" name="C32_Verifyshopbuttonclick" time="10.341"/>
  <testcase classname="icivics_testcases.Icivics19_HP_5HeaderMyicivicsMisc_Test" name="C34_VerifyIcivicsbutton" time="6.9"/>
  <testcase classname="icivics_testcases.Icivics19_HP_5HeaderMyicivicsMisc_Test" name="C35_Verifytheavatar" time="10.938"/>
  <testcase classname="icivics_testcases.Icivics19_HP_5HeaderMyicivicsMisc_Test" name="C35_Verifythenoavatar" time="8.876"/>
  <testcase classname="icivics_testcases.Icivics19_HP_5HeaderMyicivicsMisc_Test" name="C36_VerifyIcivicssubmenu" time="7.464"/>
  <testcase classname="icivics_testcases.Icivics19_HP_5HeaderMyicivicsMisc_Test" name="C37_VerifyIcivicssubmenu" time="8.037"/>
  <testcase classname="icivics_testcases.Icivics19_HP_5HeaderMyicivicsMisc_Test" name="C39_Myicivicsbuttonelementsverification" time="22.876"/>
  <testcase classname="icivics_testcases.Icivics19_HP_5HeaderMyicivicsMisc_Test" name="C41_verifyselectpageisunderlined" time="44.438"/>
  <testcase classname="icivics_testcases.Icivics19_HP_5HeaderMyicivicsMisc_Test" name="C42_Verifymyicivicsbuttonsubmenuclose" time="8.096"/>
  <testcase classname="icivics_testcases.Icivics20_HP_5HeaderSigninMisc_Test" name="C29_Verifydonatebutton" time="2.951"/>
  <testcase classname="icivics_testcases.Icivics20_HP_5HeaderSigninMisc_Test" name="C30_Verifydonatebuttonclick" time="11.105"/>
  <testcase classname="icivics_testcases.Icivics20_HP_5HeaderSigninMisc_Test" name="C31_Verifyshopbutton" time="3.511"/>
  <testcase classname="icivics_testcases.Icivics20_HP_5HeaderSigninMisc_Test" name="C32_Verifyshopbuttonclick" time="6.686"/>
  <testcase classname="icivics_testcases.Icivics20_HP_5HeaderSigninMisc_Test" name="C33_Verifysigninbuttonforanonymoususer" time="3.106"/>
  <testcase classname="icivics_testcases.Icivics20_HP_5HeaderSigninMisc_Test" name="C37_Verifysigninbuttonsubmenu" time="3.95"/>
  <testcase classname="icivics_testcases.Icivics20_HP_5HeaderSigninMisc_Test" name="C38_Verifysigninbuttonsubmenu" time="11.587"/>
  <testcase classname="icivics_testcases.Icivics20_HP_5HeaderSigninMisc_Test" name="C41_Verifysubmenuoptionisunderlined" time="38.223"/>
  <testcase classname="icivics_testcases.Icivics20_HP_5HeaderSigninMisc_Test" name="C42_Verifysubmenuoptionisunderlined" time="3.867"/>
  <testcase classname="icivics_testcases.Icivics1_EducatorRegistration_Test" name="C321_VerifyallpageElements" time="16.279"/>
  <testcase classname="icivics_testcases.Icivics1_EducatorRegistration_Test" name="C322_ButtonHover" time="26.078"/>
  <testcase classname="icivics_testcases.Icivics1_EducatorRegistration_Test" name="C323_Verifyallbuttonlinks" time="188.787"/>
  <testcase classname="icivics_testcases.Icivics1_EducatorRegistration_Test" name="C324_WindowResize" time="12.685"/>
  <testcase classname="icivics_testcases.Icivics1_EducatorRegistration_Test" name="C325_Verifyerrormsg" time="5.322"/>
  <testcase classname="icivics_testcases.Icivics1_EducatorRegistration_Test" name="C326_Verifybreadcrumbs" time="5.766"/>
  <testcase classname="icivics_testcases.Icivics2_EducatorRegistration1_Test" name="C327_verifybreadcrumbspage1" time="2.747"/>
  <testcase classname="icivics_testcases.Icivics2_EducatorRegistration1_Test" name="C328_verifytextfields" time="4.192"/>
  <testcase classname="icivics_testcases.Icivics2_EducatorRegistration1_Test" name="C329_verifyusernamepregenerated" time="8.973"/>
  <testcase classname="icivics_testcases.Icivics2_EducatorRegistration1_Test" name="C330_verifyusernamepregeneratedrandomly" time="14.626"/>
  <testcase classname="icivics_testcases.Icivics2_EducatorRegistration1_Test" name="C331_verifyentertextinallfields" time="3.935"/>
  <testcase classname="icivics_testcases.Icivics2_EducatorRegistration1_Test" name="C332_verifyfieldsmarkedwithanasterisk" time="3.228"/>
  <testcase classname="icivics_testcases.Icivics2_EducatorRegistration1_Test" name="C333_verifyemailtooltips" time="3.672"/>
  <testcase classname="icivics_testcases.Icivics2_EducatorRegistration1_Test" name="C334_verifyemailerrormsg" time="10.737"/>
  <testcase classname="icivics_testcases.Icivics2_EducatorRegistration1_Test" name="C335_verifyblankerrormsg" time="36.693"/>
  <testcase classname="icivics_testcases.Icivics2_EducatorRegistration1_Test" name="C336_verifyinvaliderrormsg" time="9.808"/>
  <testcase classname="icivics_testcases.Icivics2_EducatorRegistration1_Test" name="C337_verifyvalidregistration" time="15.2"/>
  <testcase classname="icivics_testcases.Icivics3_EducatorRegistration2_Test" name="C338_verifybreadcrumbspage1" time="6.814"/>
  <testcase classname="icivics_testcases.Icivics3_EducatorRegistration2_Test" name="C339_verifypreviouspage" time="9.727"/>
  <testcase classname="icivics_testcases.Icivics3_EducatorRegistration2_Test" name="C340_verifyalldataremembered" time="13.341"/>
  <testcase classname="icivics_testcases.Icivics3_EducatorRegistration2_Test" name="C341_verifyRoleandGradeLevel" time="15.79"/>
  <testcase classname="icivics_testcases.Icivics3_EducatorRegistration2_Test" name="C342_verifymakeselection" time="17.359"/>
  <testcase classname="icivics_testcases.Icivics3_EducatorRegistration2_Test" name="C343_verifyotheradditionalfield" time="9.793"/>
  <testcase classname="icivics_testcases.Icivics3_EducatorRegistration2_Test" name="C344_verifyasterisk" time="6.614"/>
  <testcase classname="icivics_testcases.Icivics3_EducatorRegistration2_Test" name="C345_verifyblankerrormsg" time="41.863"/>
  <testcase classname="icivics_testcases.Icivics3_EducatorRegistration2_Test" name="C346_verifyerrormsgboxcolor" time="9.434"/>
  <testcase classname="icivics_testcases.Icivics3_EducatorRegistration2_Test" name="C347_verifyvalidsubmission" time="19.026"/>
  <testcase classname="icivics_testcases.Icivics4_EducatorRegistration3_Test" name="C348_verifybreadcrumbspage3" time="13.527"/>
  <testcase classname="icivics_testcases.Icivics4_EducatorRegistration3_Test" name="C349_verifypreviouspage" time="18.635"/>
  <testcase classname="icivics_testcases.Icivics4_EducatorRegistration3_Test" name="C350_verifyalldataremembered" time="17.238"/>
  <testcase classname="icivics_testcases.Icivics4_EducatorRegistration3_Test" name="C351_verifyallpage3fields" time="27.968"/>
  <testcase classname="icivics_testcases.Icivics4_EducatorRegistration3_Test" name="C352_verifyallfieldsallowtoentertextandmakeselection" time="38.138"/>
  <testcase classname="icivics_testcases.Icivics4_EducatorRegistration3_Test" name="C354_verifyallfieldswithinvaliddata" time="19.476"/>
  <testcase classname="icivics_testcases.Icivics4_EducatorRegistration3_Test" name="C355_verifyallfieldswithblankfield" time="15.505"/>
  <testcase classname="icivics_testcases.Icivics4_EducatorRegistration3_Test" name="C357_verifyvalidsubmission" time="20.811"/>
  <testcase classname="icivics_testcases.Icivics5_EducatorRegistration4_Test" name="C358_verifybreadcrumbspage4" time="20.77"/>
  <testcase classname="icivics_testcases.Icivics5_EducatorRegistration4_Test" name="C359_verifypreviouspage" time="23.919"/>
  <testcase classname="icivics_testcases.Icivics5_EducatorRegistration4_Test" name="C360_verifyalldataremembered" time="23.403"/>
  <testcase classname="icivics_testcases.Icivics5_EducatorRegistration4_Test" name="C361_verifyallpage3fields" time="22.015"/>
  <testcase classname="icivics_testcases.Icivics5_EducatorRegistration4_Test" name="C362_verifySignUpischecked" time="21.451"/>
  <testcase classname="icivics_testcases.Icivics5_EducatorRegistration4_Test" name="C363_verifyallpage4fields" time="34.243"/>
  <testcase classname="icivics_testcases.Icivics5_EducatorRegistration4_Test" name="C364_verifyallfieldasterisk" time="23.241"/>
  <testcase classname="icivics_testcases.Icivics5_EducatorRegistration4_Test" name="C365_verifypasswordtooltips" time="21.727"/>
  <testcase classname="icivics_testcases.Icivics5_EducatorRegistration4_Test" name="C366_verifypasswordstrengthIndicator" time="21.414"/>
  <testcase classname="icivics_testcases.Icivics5_EducatorRegistration4_Test" name="C367_verifypasswordIndicatormatch" time="21.377"/>
  <testcase classname="icivics_testcases.Icivics5_EducatorRegistration4_Test" name="C368_verifyallfieldswithinvaliddata" time="24.242"/>
  <testcase classname="icivics_testcases.Icivics5_EducatorRegistration4_Test" name="C369_verifyallfieldswithblankdata" time="22.377"/>
  <testcase classname="icivics_testcases.Icivics5_EducatorRegistration4_Test" name="C370_verifyallfieldswithblankandinvaliddata" time="24.282"/>
  <testcase classname="icivics_testcases.Icivics5_EducatorRegistration4_Test" name="C371_verifyvalidsubmission" time="28.899"/>
  <testcase classname="icivics_testcases.Icivics6_EducatorRegistration5_Test" name="C372_verifybreadcrumbspage5" time="22.339"/>
  <testcase classname="icivics_testcases.Icivics6_EducatorRegistration5_Test" name="C373_verifywelcomemessage" time="22.47"/>
  <testcase classname="icivics_testcases.Icivics6_EducatorRegistration5_Test" name="C374_verifyconfirmationemail" time="23.673"/>
  <testcase classname="icivics_testcases.Icivics6_EducatorRegistration5_Test" name="C375_verifyconfirmationemail" time="22.831"/>
  <testcase classname="icivics_testcases.Icivics6_EducatorRegistration5_Test" name="C376_verifyresendbutton" time="27.778"/>
  <testcase classname="icivics_testcases.Icivics6_EducatorRegistration5_Test" name="C377_verifynotification" time="28.854"/>
  <testcase classname="icivics_testcases.Icivics12_StudentRegistration3Email_Test" name="C372_verifypagecount3" time="14.877"/>
  <testcase classname="icivics_testcases.Icivics12_StudentRegistration3Email_Test" name="C373_verifycheckmsgdisplay" time="14.789"/>
  <testcase classname="icivics_testcases.Icivics12_StudentRegistration3Email_Test" name="C374_verifycheckmsgdisplay" time="14.793"/>
  <testcase classname="icivics_testcases.Icivics12_StudentRegistration3Email_Test" name="C375_verifyregisteredemaildisplay" time="14.737"/>
  <testcase classname="icivics_testcases.Icivics12_StudentRegistration3Email_Test" name="C376_verifyresendbutton" time="19.542"/>
  <testcase classname="icivics_testcases.Icivics12_StudentRegistration3Email_Test" name="C377_verifyconfirmationemail" time="19.57"/>
  <testcase classname="icivics_testcases.Icivics8_StudentRegistration1Email_Test" name="C383_Verifybreadcrumbs" time="2.627"/>
  <testcase classname="icivics_testcases.Icivics8_StudentRegistration1Email_Test" name="C384_Verifybreadcrumbspage" time="2.525"/>
  <testcase classname="icivics_testcases.Icivics8_StudentRegistration1Email_Test" name="C385_Verifyvideolink" time="13.555"/>
  <testcase classname="icivics_testcases.Icivics8_StudentRegistration1Email_Test" name="C387_verifytextfields" time="4.587"/>
  <testcase classname="icivics_testcases.Icivics8_StudentRegistration1Email_Test" name="C388_verifyusernamepregenerated" time="8.627"/>
  <testcase classname="icivics_testcases.Icivics8_StudentRegistration1Email_Test" name="C389_verifyusernamepregeneratedrandomly" time="14.816"/>
  <testcase classname="icivics_testcases.Icivics8_StudentRegistration1Email_Test" name="C390_verifyentertextinallfields" time="5.246"/>
  <testcase classname="icivics_testcases.Icivics8_StudentRegistration1Email_Test" name="C391_verifyfieldsmarkedwithanasterisk" time="3.12"/>
  <testcase classname="icivics_testcases.Icivics8_StudentRegistration1Email_Test" name="C392_verifyemailtooltips" time="3.197"/>
  <testcase classname="icivics_testcases.Icivics8_StudentRegistration1Email_Test" name="C393_verifyemailerrormsg" time="9.8"/>
  <testcase classname="icivics_testcases.Icivics8_StudentRegistration1Email_Test" name="C394_verifyblankerrormsg" time="40.711"/>
  <testcase classname="icivics_testcases.Icivics8_StudentRegistration1Email_Test" name="C396_verifyvalidregistration" time="13.229"/>
  <testcase classname="icivics_testcases.Icivics8_StudentRegistration1Email_Test" name="C397_Verifyclasscodelink" time="13.736"/>
  <testcase classname="icivics_testcases.Icivics9_StudentRegistration2classcode_Test" name="C398_verifypagecount2" time="7.168"/>
  <testcase classname="icivics_testcases.Icivics9_StudentRegistration2classcode_Test" name="C399_Clickbackbutton" time="10.127"/>
  <testcase classname="icivics_testcases.Icivics9_StudentRegistration2classcode_Test" name="C400_verifyfieldsisremembered" time="10.437"/>
  <testcase classname="icivics_testcases.Icivics9_StudentRegistration2classcode_Test" name="C403_clickontermsofuselink" time="23.755"/>
  <testcase classname="icivics_testcases.Icivics9_StudentRegistration2classcode_Test" name="C404_clickprivacypolicy" time="14.1"/>
  <testcase classname="icivics_testcases.Icivics9_StudentRegistration2classcode_Test" name="C405_verifypage2SignUpforEmailsfield" time="7.21"/>
  <testcase classname="icivics_testcases.Icivics9_StudentRegistration2classcode_Test" name="C408_hoveronpwdfield" time="10.096"/>
  <testcase classname="icivics_testcases.Icivics9_StudentRegistration2classcode_Test" name="C409_VerifyPasswordstrengthmeter" time="10.223"/>
  <testcase classname="icivics_testcases.Icivics9_StudentRegistration2classcode_Test" name="C410_VerifyPasswordindicatormatch" time="13.475"/>
  <testcase classname="icivics_testcases.Icivics9_StudentRegistration2classcode_Test" name="C412_verifyenterinvaliddata" time="18.064"/>
  <testcase classname="icivics_testcases.Icivics9_StudentRegistration2classcode_Test" name="C412_verifytermsofuseandprivacycheckbox" time="10.598"/>
  <testcase classname="icivics_testcases.Icivics9_StudentRegistration2classcode_Test" name="C413_verifyblankerrormsg" time="13.804"/>
  <testcase classname="icivics_testcases.Icivics9_StudentRegistration2classcode_Test" name="C414_verifypage3loaded" time="15.958"/>
  <testcase classname="icivics_testcases.Icivics10_StudentRegistration2Email_Test" name="C398_verifypagecount2" time="6.643"/>
  <testcase classname="icivics_testcases.Icivics10_StudentRegistration2Email_Test" name="C399_Clickbackbutton" time="11.749"/>
  <testcase classname="icivics_testcases.Icivics10_StudentRegistration2Email_Test" name="C400_verifyfieldsisremembered" time="9.199"/>
  <testcase classname="icivics_testcases.Icivics10_StudentRegistration2Email_Test" name="C403_clickontermsofuselink" time="20.945"/>
  <testcase classname="icivics_testcases.Icivics10_StudentRegistration2Email_Test" name="C404_clickprivacypolicy" time="13.243"/>
  <testcase classname="icivics_testcases.Icivics10_StudentRegistration2Email_Test" name="C405_verifypage2SignUpforEmailsfield" time="6.841"/>
  <testcase classname="icivics_testcases.Icivics10_StudentRegistration2Email_Test" name="C408_hoveronpwdfield" time="6.958"/>
  <testcase classname="icivics_testcases.Icivics10_StudentRegistration2Email_Test" name="C409_VerifyPasswordstrengthmeter" time="9.425"/>
  <testcase classname="icivics_testcases.Icivics10_StudentRegistration2Email_Test" name="C410_VerifyPasswordindicatormatch" time="6.768"/>
  <testcase classname="icivics_testcases.Icivics10_StudentRegistration2Email_Test" name="C412_verifyenterinvaliddata" time="10.093"/>
  <testcase classname="icivics_testcases.Icivics10_StudentRegistration2Email_Test" name="C412_verifytermsofuseandprivacycheckbox" time="9.725"/>
  <testcase classname="icivics_testcases.Icivics10_StudentRegistration2Email_Test" name="C413_verifyblankerrormsg" time="13.512"/>
  <testcase classname="icivics_testcases.Icivics10_StudentRegistration2Email_Test" name="C414_verifypage3loaded" time="15.436"/>
  <testcase classname="icivics_testcases.Icivics14_HP_1TeacherHeader_Test" name="C3_Verifyheaderbuttonsforanonymoususer" time="9.751"/>
  <testcase classname="icivics_testcases.Icivics14_HP_1TeacherHeader_Test" name="C3_Verifyheaderbuttonsforauthenticateduser" time="11.715"/>
  <testcase classname="icivics_testcases.Icivics14_HP_1TeacherHeader_Test" name="C4_Verifyheaderelemets" time="152.64"/>
  <testcase classname="icivics_testcases.Icivics14_HP_1TeacherHeader_Test" name="C6_Verifyheaderbuttonhoverforanonymoususer" time="68.182"/>
  <testcase classname="icivics_testcases.Icivics14_HP_1TeacherHeader_Test" name="C6_verifyaheaderbuttonhoverforauthenticateduser" time="63.126"/>
  <testcase classname="icivics_testcases.Icivics14_HP_1TeacherHeader_Test" name="C7_verifyresizeheaderintohamburger" time="31.529"/>
  <testcase classname="icivics_testcases.Icivics7_StudentRegistration1classcode_Test" name="C425_verifyemailfieldsappear" time="4.084"/>
  <testcase classname="icivics_testcases.Icivics7_StudentRegistration1classcode_Test" name="C426_verifyemailtooltips" time="3.691"/>
  <testcase classname="icivics_testcases.Icivics7_StudentRegistration1classcode_Test" name="C427_verifyemailfieldsdisappear" time="18.473"/>
  <testcase classname="icivics_testcases.Icivics7_StudentRegistration1classcode_Test" name="C428_verifyusernamepregenerated" time="8.683"/>
  <testcase classname="icivics_testcases.Icivics7_StudentRegistration1classcode_Test" name="C429_usernamegeneratedrandomly" time="14.668"/>
  <testcase classname="icivics_testcases.Icivics7_StudentRegistration1classcode_Test" name="C430_verifyregistrationwithvaliddata" time="9.193"/>
  <testcase classname="icivics_testcases.Icivics7_StudentRegistration1classcode_Test" name="C431_verifyAsteriks" time="4.545"/>
  <testcase classname="icivics_testcases.Icivics7_StudentRegistration1classcode_Test" name="C432_verifyinvaliderrormsg" time="12.333"/>
  <testcase classname="icivics_testcases.Icivics7_StudentRegistration1classcode_Test" name="C433_verifyerrormsgverifyemailblankfield" time="45.027"/>
  <testcase classname="icivics_testcases.Icivics7_StudentRegistration1classcode_Test" name="C434_verifyinvaliderrormsg2" time="7.91"/>
  <testcase classname="icivics_testcases.Icivics7_StudentRegistration1classcode_Test" name="C435_verifyregistrationwithvalidvalue" time="14.232"/>
  <testcase classname="icivics_testcases.Icivics11_StudentRegistration3classcode_Test" name="C454_verifypagecount3" time="15.268"/>
  <testcase classname="icivics_testcases.Icivics11_StudentRegistration3classcode_Test" name="C455_verifyusernamegenerateddisplay" time="18.535"/>
  <testcase classname="icivics_testcases.Icivics11_StudentRegistration3classcode_Test" name="C456_verifyusernametextddisplay" time="15.922"/>
  <testcase classname="icivics_testcases.Icivics11_StudentRegistration3classcode_Test" name="C457_verifyemailddisplay" time="18.321"/>
  <testcase classname="icivics_testcases.Icivics11_StudentRegistration3classcode_Test" name="C458_verifyemailtextddisplay" time="15.354"/>
  <testcase classname="icivics_testcases.Icivics11_StudentRegistration3classcode_Test" name="C459_clickcontinuetomyassignmentbutton" time="20.345"/>
  <testcase classname="icivics_testcases.Icivics15_HP_2Headerplay_Test" name="C8_Verifyplaysubmenu" time="4.588"/>
  <testcase classname="icivics_testcases.Icivics15_HP_2Headerplay_Test" name="C9_Verifyplaybuttonlist" time="7.386"/>
  <testcase classname="icivics_testcases.Icivics15_HP_2Headerplay_Test" name="C10_Verifyplaybuttonelements" time="107.627"/>
  <testcase classname="icivics_testcases.Icivics15_HP_2Headerplay_Test" name="C12_Verifypageisunderlined" time="271.482"/>
  <testcase classname="icivics_testcases.Icivics15_HP_2Headerplay_Test" name="C13_Verifyclickonplaybuttonagain" time="4.954"/>
  <testcase classname="utilities.Reporter" name="@BeforeSuite startReport" time="0.0">
    <ignored/>
  </testcase> <!-- @BeforeSuite startReport -->
  <testcase classname="utilities.Reporter" name="@BeforeSuite startReport" time="0.0">
    <ignored/>
  </testcase> <!-- @BeforeSuite startReport -->
  <testcase classname="utilities.Reporter" name="@BeforeSuite startReport" time="0.0">
    <ignored/>
  </testcase> <!-- @BeforeSuite startReport -->
  <testcase classname="utilities.Reporter" name="@BeforeSuite startReport" time="0.0">
    <ignored/>
  </testcase> <!-- @BeforeSuite startReport -->
  <testcase classname="utilities.Reporter" name="@BeforeSuite startReport" time="0.0">
    <ignored/>
  </testcase> <!-- @BeforeSuite startReport -->
  <testcase classname="utilities.Reporter" name="@BeforeSuite startReport" time="0.0">
    <ignored/>
  </testcase> <!-- @BeforeSuite startReport -->
  <testcase classname="utilities.Reporter" name="@BeforeSuite startReport" time="0.0">
    <ignored/>
  </testcase> <!-- @BeforeSuite startReport -->
  <testcase classname="utilities.Reporter" name="@BeforeSuite startReport" time="0.0">
    <ignored/>
  </testcase> <!-- @BeforeSuite startReport -->
  <testcase classname="utilities.Reporter" name="@BeforeSuite startReport" time="0.0">
    <ignored/>
  </testcase> <!-- @BeforeSuite startReport -->
  <testcase classname="utilities.Reporter" name="@BeforeSuite startReport" time="0.0">
    <ignored/>
  </testcase> <!-- @BeforeSuite startReport -->
  <testcase classname="utilities.Reporter" name="@BeforeSuite startReport" time="0.0">
    <ignored/>
  </testcase> <!-- @BeforeSuite startReport -->
  <testcase classname="utilities.Reporter" name="@BeforeSuite startReport" time="0.0">
    <ignored/>
  </testcase> <!-- @BeforeSuite startReport -->
  <testcase classname="utilities.Reporter" name="@BeforeSuite startReport" time="0.0">
    <ignored/>
  </testcase> <!-- @BeforeSuite startReport -->
  <testcase classname="utilities.Reporter" name="@BeforeSuite startReport" time="0.0">
    <ignored/>
  </testcase> <!-- @BeforeSuite startReport -->
  <testcase classname="utilities.Reporter" name="@BeforeSuite startReport" time="0.0">
    <ignored/>
  </testcase> <!-- @BeforeSuite startReport -->
  <testcase classname="utilities.Reporter" name="@BeforeSuite startReport" time="0.0">
    <ignored/>
  </testcase> <!-- @BeforeSuite startReport -->
  <testcase classname="utilities.Reporter" name="@BeforeSuite startReport" time="0.0">
    <ignored/>
  </testcase> <!-- @BeforeSuite startReport -->
  <testcase classname="utilities.Reporter" name="@BeforeSuite startReport" time="0.0">
    <ignored/>
  </testcase> <!-- @BeforeSuite startReport -->
  <testcase classname="utilities.Reporter" name="@BeforeSuite startReport" time="0.0">
    <ignored/>
  </testcase> <!-- @BeforeSuite startReport -->
  <testcase classname="utilities.Reporter" name="@AfterSuite stopReport" time="0.0">
    <ignored/>
  </testcase> <!-- @AfterSuite stopReport -->
  <testcase classname="utilities.Reporter" name="@AfterSuite stopReport" time="0.0">
    <ignored/>
  </testcase> <!-- @AfterSuite stopReport -->
  <testcase classname="utilities.Reporter" name="@AfterSuite stopReport" time="0.0">
    <ignored/>
  </testcase> <!-- @AfterSuite stopReport -->
  <testcase classname="utilities.Reporter" name="@AfterSuite stopReport" time="0.0">
    <ignored/>
  </testcase> <!-- @AfterSuite stopReport -->
  <testcase classname="utilities.Reporter" name="@AfterSuite stopReport" time="0.0">
    <ignored/>
  </testcase> <!-- @AfterSuite stopReport -->
  <testcase classname="utilities.Reporter" name="@AfterSuite stopReport" time="0.0">
    <ignored/>
  </testcase> <!-- @AfterSuite stopReport -->
  <testcase classname="utilities.Reporter" name="@AfterSuite stopReport" time="0.0">
    <ignored/>
  </testcase> <!-- @AfterSuite stopReport -->
  <testcase classname="utilities.Reporter" name="@AfterSuite stopReport" time="0.0">
    <ignored/>
  </testcase> <!-- @AfterSuite stopReport -->
  <testcase classname="utilities.Reporter" name="@AfterSuite stopReport" time="0.0">
    <ignored/>
  </testcase> <!-- @AfterSuite stopReport -->
  <testcase classname="utilities.Reporter" name="@AfterSuite stopReport" time="0.0">
    <ignored/>
  </testcase> <!-- @AfterSuite stopReport -->
  <testcase classname="utilities.Reporter" name="@AfterSuite stopReport" time="0.0">
    <ignored/>
  </testcase> <!-- @AfterSuite stopReport -->
  <testcase classname="utilities.Reporter" name="@AfterSuite stopReport" time="0.0">
    <ignored/>
  </testcase> <!-- @AfterSuite stopReport -->
  <testcase classname="utilities.Reporter" name="@AfterSuite stopReport" time="0.0">
    <ignored/>
  </testcase> <!-- @AfterSuite stopReport -->
  <testcase classname="utilities.Reporter" name="@AfterSuite stopReport" time="0.0">
    <ignored/>
  </testcase> <!-- @AfterSuite stopReport -->
  <testcase classname="utilities.Reporter" name="@AfterSuite stopReport" time="0.0">
    <ignored/>
  </testcase> <!-- @AfterSuite stopReport -->
  <testcase classname="utilities.Reporter" name="@AfterSuite stopReport" time="0.0">
    <ignored/>
  </testcase> <!-- @AfterSuite stopReport -->
  <testcase classname="utilities.Reporter" name="@AfterSuite stopReport" time="0.0">
    <ignored/>
  </testcase> <!-- @AfterSuite stopReport -->
  <testcase classname="utilities.Reporter" name="@AfterSuite stopReport" time="0.0">
    <ignored/>
  </testcase> <!-- @AfterSuite stopReport -->
  <testcase classname="utilities.Reporter" name="@AfterSuite stopReport" time="0.0">
    <ignored/>
  </testcase> <!-- @AfterSuite stopReport -->
</testsuite> <!-- Test -->
