<?xml version="1.0" encoding="UTF-8"?>
<!-- Generated by org.testng.reporters.JUnitXMLReporter -->
<testsuite ignored="18" hostname="AMX-RL-20-348-W" failures="0" tests="2" name="Regression_Testscripts(failed)(failed)(failed)(failed)" time="31.976" errors="0" timestamp="2022-07-07T18:46:41 IST">
  <testcase classname="icivics_testcases.I12_EducatorRegistration2_Test" name="C346_verifyerrormsgboxcolor" time="0.0">
    <skipped/>
  </testcase> <!-- C346_verifyerrormsgboxcolor -->
  <testcase classname="icivics_testcases.I15_EducatorRegistration5_Test" name="C377_verifynotification" time="28.792"/>
  <testcase classname="cucumber.api.testng.AbstractTestNGCucumberTests" name="runScenario" time="0.0">
    <ignored/>
  </testcase> <!-- runScenario -->
  <testcase classname="cucumber.api.testng.AbstractTestNGCucumberTests" name="runScenario" time="0.0">
    <ignored/>
  </testcase> <!-- runScenario -->
  <testcase classname="icivics_testcases.I15_EducatorRegistration5_Test" name="C376_verifyresendbutton" time="0.0">
    <ignored/>
  </testcase> <!-- C376_verifyresendbutton -->
  <testcase classname="icivics_testcases.I12_EducatorRegistration2_Test" name="C347_verifyvalidsubmission" time="0.0">
    <ignored/>
  </testcase> <!-- C347_verifyvalidsubmission -->
  <testcase classname="icivics_testcases.I12_EducatorRegistration2_Test" name="C338_verifybreadcrumbspage1" time="0.0">
    <ignored/>
  </testcase> <!-- C338_verifybreadcrumbspage1 -->
  <testcase classname="icivics_testcases.I12_EducatorRegistration2_Test" name="C342_verifymakeselection" time="0.0">
    <ignored/>
  </testcase> <!-- C342_verifymakeselection -->
  <testcase classname="utilities.Reporter" name="@BeforeSuite startReport" time="0.0">
    <ignored/>
  </testcase> <!-- @BeforeSuite startReport -->
  <testcase classname="icivics_testcases.I15_EducatorRegistration5_Test" name="C375_verifyconfirmationemail" time="0.0">
    <ignored/>
  </testcase> <!-- C375_verifyconfirmationemail -->
  <testcase classname="icivics_testcases.I12_EducatorRegistration2_Test" name="C345_verifyblankerrormsg" time="0.0">
    <ignored/>
  </testcase> <!-- C345_verifyblankerrormsg -->
  <testcase classname="icivics_testcases.I12_EducatorRegistration2_Test" name="C341_verifyRoleandGradeLevel" time="0.0">
    <ignored/>
  </testcase> <!-- C341_verifyRoleandGradeLevel -->
  <testcase classname="icivics_testcases.I15_EducatorRegistration5_Test" name="C374_verifyconfirmationemail" time="0.0">
    <ignored/>
  </testcase> <!-- C374_verifyconfirmationemail -->
  <testcase classname="icivics_testcases.I12_EducatorRegistration2_Test" name="C343_verifyotheradditionalfield" time="0.0">
    <ignored/>
  </testcase> <!-- C343_verifyotheradditionalfield -->
  <testcase classname="icivics_testcases.I12_EducatorRegistration2_Test" name="C339_verifypreviouspage" time="0.0">
    <ignored/>
  </testcase> <!-- C339_verifypreviouspage -->
  <testcase classname="icivics_testcases.I15_EducatorRegistration5_Test" name="C373_verifywelcomemessage" time="0.0">
    <ignored/>
  </testcase> <!-- C373_verifywelcomemessage -->
  <testcase classname="icivics_testcases.I12_EducatorRegistration2_Test" name="C344_verifyasterisk" time="0.0">
    <ignored/>
  </testcase> <!-- C344_verifyasterisk -->
  <testcase classname="utilities.Reporter" name="@AfterSuite stopReport" time="0.0">
    <ignored/>
  </testcase> <!-- @AfterSuite stopReport -->
  <testcase classname="icivics_testcases.I15_EducatorRegistration5_Test" name="C372_verifybreadcrumbspage5" time="0.0">
    <ignored/>
  </testcase> <!-- C372_verifybreadcrumbspage5 -->
  <testcase classname="icivics_testcases.I12_EducatorRegistration2_Test" name="C340_verifyalldataremembered" time="0.0">
    <ignored/>
  </testcase> <!-- C340_verifyalldataremembered -->
</testsuite> <!-- Regression_Testscripts(failed)(failed)(failed)(failed) -->
